<?xml version="1.0" encoding="UTF-8"?>
<!-- Generated by org.testng.reporters.JUnitReportReporter -->
<testsuite hostname="Gokulnaths-MacBook-Pro.local" failures="0" tests="4" name="com.runners.Runner" time="33.214" errors="0" timestamp="2022-06-11T11:44:07 CDT" skipped="0">
  <testcase classname="com.runners.Runner" name="runScenario" time="5.992"/>
  <system-out/>
  <testcase classname="com.runners.Runner" name="runScenario" time="14.268"/>
  <system-out/>
  <testcase classname="com.runners.Runner" name="runScenario" time="6.874"/>
  <system-out/>
  <testcase classname="com.runners.Runner" name="runScenario" time="6.080"/>
  <system-out/>
</testsuite> <!-- com.runners.Runner -->
